<?xml version="1.0" encoding="UTF-8"?>
<testsuite xmlns:xsi="http://www.w3.org/2001/XMLSchema-instance" xsi:noNamespaceSchemaLocation="https://maven.apache.org/surefire/maven-surefire-plugin/xsd/surefire-test-report.xsd" name="com.test.july21Batch.calculator.controller.AdditionControllerTest" time="0.119" tests="5" errors="0" skipped="0" failures="0">
  <properties>
    <property name="sun.desktop" value="windows"/>
    <property name="awt.toolkit" value="sun.awt.windows.WToolkit"/>
    <property name="java.specification.version" value="11"/>
    <property name="sun.cpu.isalist" value="amd64"/>
    <property name="sun.jnu.encoding" value="Cp1252"/>
    <property name="java.class.path" value="C:\Users\narendrakumar02\Downloads\Testing\bitbucket_windows_agent\target\test-classes;C:\Users\narendrakumar02\Downloads\Testing\bitbucket_windows_agent\target\classes;C:\Users\narendrakumar02\.m2\repository\junit\junit\4.11\junit-4.11.jar;C:\Users\narendrakumar02\.m2\repository\org\hamcrest\hamcrest-core\1.3\hamcrest-core-1.3.jar;C:\Users\narendrakumar02\.m2\repository\org\springframework\spring-context\4.1.6.RELEASE\spring-context-4.1.6.RELEASE.jar;C:\Users\narendrakumar02\.m2\repository\org\springframework\spring-aop\4.1.6.RELEASE\spring-aop-4.1.6.RELEASE.jar;C:\Users\narendrakumar02\.m2\repository\aopalliance\aopalliance\1.0\aopalliance-1.0.jar;C:\Users\narendrakumar02\.m2\repository\org\springframework\spring-beans\4.1.6.RELEASE\spring-beans-4.1.6.RELEASE.jar;C:\Users\narendrakumar02\.m2\repository\org\springframework\spring-core\4.1.6.RELEASE\spring-core-4.1.6.RELEASE.jar;C:\Users\narendrakumar02\.m2\repository\commons-logging\commons-logging\1.2\commons-logging-1.2.jar;C:\Users\narendrakumar02\.m2\repository\org\springframework\spring-expression\4.1.6.RELEASE\spring-expression-4.1.6.RELEASE.jar;C:\Users\narendrakumar02\.m2\repository\org\springframework\spring-webmvc\4.1.6.RELEASE\spring-webmvc-4.1.6.RELEASE.jar;C:\Users\narendrakumar02\.m2\repository\org\springframework\spring-web\4.1.6.RELEASE\spring-web-4.1.6.RELEASE.jar;C:\Users\narendrakumar02\.m2\repository\javax\servlet\jstl\1.2\jstl-1.2.jar;C:\Users\narendrakumar02\.m2\repository\org\springframework\spring-jdbc\4.0.3.RELEASE\spring-jdbc-4.0.3.RELEASE.jar;C:\Users\narendrakumar02\.m2\repository\org\springframework\spring-tx\4.0.3.RELEASE\spring-tx-4.0.3.RELEASE.jar;C:\Users\narendrakumar02\.m2\repository\javax\servlet\servlet-api\2.5\servlet-api-2.5.jar;C:\Users\narendrakumar02\.m2\repository\org\jacoco\jacoco-maven-plugin\0.8.6\jacoco-maven-plugin-0.8.6.jar;C:\Users\narendrakumar02\.m2\repository\org\apache\maven\maven-plugin-api\3.0\maven-plugin-api-3.0.jar;C:\Users\narendrakumar02\.m2\repository\org\apache\maven\maven-model\3.0\maven-model-3.0.jar;C:\Users\narendrakumar02\.m2\repository\org\apache\maven\maven-artifact\3.0\maven-artifact-3.0.jar;C:\Users\narendrakumar02\.m2\repository\org\sonatype\sisu\sisu-inject-plexus\1.4.2\sisu-inject-plexus-1.4.2.jar;C:\Users\narendrakumar02\.m2\repository\org\sonatype\sisu\sisu-inject-bean\1.4.2\sisu-inject-bean-1.4.2.jar;C:\Users\narendrakumar02\.m2\repository\org\sonatype\sisu\sisu-guice\2.1.7\sisu-guice-2.1.7-noaop.jar;C:\Users\narendrakumar02\.m2\repository\org\apache\maven\maven-core\3.0\maven-core-3.0.jar;C:\Users\narendrakumar02\.m2\repository\org\apache\maven\maven-settings\3.0\maven-settings-3.0.jar;C:\Users\narendrakumar02\.m2\repository\org\apache\maven\maven-settings-builder\3.0\maven-settings-builder-3.0.jar;C:\Users\narendrakumar02\.m2\repository\org\apache\maven\maven-repository-metadata\3.0\maven-repository-metadata-3.0.jar;C:\Users\narendrakumar02\.m2\repository\org\apache\maven\maven-model-builder\3.0\maven-model-builder-3.0.jar;C:\Users\narendrakumar02\.m2\repository\org\apache\maven\maven-aether-provider\3.0\maven-aether-provider-3.0.jar;C:\Users\narendrakumar02\.m2\repository\org\sonatype\aether\aether-impl\1.7\aether-impl-1.7.jar;C:\Users\narendrakumar02\.m2\repository\org\sonatype\aether\aether-spi\1.7\aether-spi-1.7.jar;C:\Users\narendrakumar02\.m2\repository\org\sonatype\aether\aether-api\1.7\aether-api-1.7.jar;C:\Users\narendrakumar02\.m2\repository\org\sonatype\aether\aether-util\1.7\aether-util-1.7.jar;C:\Users\narendrakumar02\.m2\repository\org\codehaus\plexus\plexus-interpolation\1.14\plexus-interpolation-1.14.jar;C:\Users\narendrakumar02\.m2\repository\org\codehaus\plexus\plexus-classworlds\2.2.3\plexus-classworlds-2.2.3.jar;C:\Users\narendrakumar02\.m2\repository\org\codehaus\plexus\plexus-component-annotations\1.5.5\plexus-component-annotations-1.5.5.jar;C:\Users\narendrakumar02\.m2\repository\org\sonatype\plexus\plexus-sec-dispatcher\1.3\plexus-sec-dispatcher-1.3.jar;C:\Users\narendrakumar02\.m2\repository\org\sonatype\plexus\plexus-cipher\1.4\plexus-cipher-1.4.jar;C:\Users\narendrakumar02\.m2\repository\org\codehaus\plexus\plexus-utils\3.0.22\plexus-utils-3.0.22.jar;C:\Users\narendrakumar02\.m2\repository\org\apache\maven\shared\file-management\1.2.1\file-management-1.2.1.jar;C:\Users\narendrakumar02\.m2\repository\org\apache\maven\shared\maven-shared-io\1.1\maven-shared-io-1.1.jar;C:\Users\narendrakumar02\.m2\repository\org\apache\maven\maven-artifact-manager\2.0.2\maven-artifact-manager-2.0.2.jar;C:\Users\narendrakumar02\.m2\repository\org\apache\maven\wagon\wagon-provider-api\1.0-alpha-6\wagon-provider-api-1.0-alpha-6.jar;C:\Users\narendrakumar02\.m2\repository\org\codehaus\plexus\plexus-container-default\1.0-alpha-9\plexus-container-default-1.0-alpha-9.jar;C:\Users\narendrakumar02\.m2\repository\classworlds\classworlds\1.1-alpha-2\classworlds-1.1-alpha-2.jar;C:\Users\narendrakumar02\.m2\repository\org\apache\maven\reporting\maven-reporting-api\3.0\maven-reporting-api-3.0.jar;C:\Users\narendrakumar02\.m2\repository\org\apache\maven\doxia\doxia-sink-api\1.0\doxia-sink-api-1.0.jar;C:\Users\narendrakumar02\.m2\repository\org\apache\maven\reporting\maven-reporting-impl\2.1\maven-reporting-impl-2.1.jar;C:\Users\narendrakumar02\.m2\repository\org\apache\maven\maven-project\2.0.10\maven-project-2.0.10.jar;C:\Users\narendrakumar02\.m2\repository\org\apache\maven\maven-profile\2.0.10\maven-profile-2.0.10.jar;C:\Users\narendrakumar02\.m2\repository\org\apache\maven\maven-plugin-registry\2.0.10\maven-plugin-registry-2.0.10.jar;C:\Users\narendrakumar02\.m2\repository\org\apache\maven\doxia\doxia-core\1.1.2\doxia-core-1.1.2.jar;C:\Users\narendrakumar02\.m2\repository\org\apache\maven\doxia\doxia-logging-api\1.1.2\doxia-logging-api-1.1.2.jar;C:\Users\narendrakumar02\.m2\repository\xerces\xercesImpl\2.8.1\xercesImpl-2.8.1.jar;C:\Users\narendrakumar02\.m2\repository\commons-lang\commons-lang\2.4\commons-lang-2.4.jar;C:\Users\narendrakumar02\.m2\repository\commons-httpclient\commons-httpclient\3.1\commons-httpclient-3.1.jar;C:\Users\narendrakumar02\.m2\repository\commons-codec\commons-codec\1.2\commons-codec-1.2.jar;C:\Users\narendrakumar02\.m2\repository\org\apache\maven\doxia\doxia-site-renderer\1.1.2\doxia-site-renderer-1.1.2.jar;C:\Users\narendrakumar02\.m2\repository\org\apache\maven\doxia\doxia-decoration-model\1.1.2\doxia-decoration-model-1.1.2.jar;C:\Users\narendrakumar02\.m2\repository\org\apache\maven\doxia\doxia-module-xhtml\1.1.2\doxia-module-xhtml-1.1.2.jar;C:\Users\narendrakumar02\.m2\repository\org\apache\maven\doxia\doxia-module-fml\1.1.2\doxia-module-fml-1.1.2.jar;C:\Users\narendrakumar02\.m2\repository\org\codehaus\plexus\plexus-i18n\1.0-beta-7\plexus-i18n-1.0-beta-7.jar;C:\Users\narendrakumar02\.m2\repository\org\codehaus\plexus\plexus-velocity\1.1.7\plexus-velocity-1.1.7.jar;C:\Users\narendrakumar02\.m2\repository\org\apache\velocity\velocity\1.5\velocity-1.5.jar;C:\Users\narendrakumar02\.m2\repository\commons-collections\commons-collections\3.2\commons-collections-3.2.jar;C:\Users\narendrakumar02\.m2\repository\commons-validator\commons-validator\1.2.0\commons-validator-1.2.0.jar;C:\Users\narendrakumar02\.m2\repository\commons-beanutils\commons-beanutils\1.7.0\commons-beanutils-1.7.0.jar;C:\Users\narendrakumar02\.m2\repository\commons-digester\commons-digester\1.6\commons-digester-1.6.jar;C:\Users\narendrakumar02\.m2\repository\oro\oro\2.0.8\oro-2.0.8.jar;C:\Users\narendrakumar02\.m2\repository\xml-apis\xml-apis\1.0.b2\xml-apis-1.0.b2.jar;C:\Users\narendrakumar02\.m2\repository\org\jacoco\org.jacoco.agent\0.8.6\org.jacoco.agent-0.8.6-runtime.jar;C:\Users\narendrakumar02\.m2\repository\org\jacoco\org.jacoco.core\0.8.6\org.jacoco.core-0.8.6.jar;C:\Users\narendrakumar02\.m2\repository\org\ow2\asm\asm\8.0.1\asm-8.0.1.jar;C:\Users\narendrakumar02\.m2\repository\org\ow2\asm\asm-commons\8.0.1\asm-commons-8.0.1.jar;C:\Users\narendrakumar02\.m2\repository\org\ow2\asm\asm-analysis\8.0.1\asm-analysis-8.0.1.jar;C:\Users\narendrakumar02\.m2\repository\org\ow2\asm\asm-tree\8.0.1\asm-tree-8.0.1.jar;C:\Users\narendrakumar02\.m2\repository\org\jacoco\org.jacoco.report\0.8.6\org.jacoco.report-0.8.6.jar;"/>
    <property name="java.vm.vendor" value="Oracle Corporation"/>
    <property name="sun.arch.data.model" value="64"/>
    <property name="user.variant" value=""/>
    <property name="java.vendor.url" value="https://openjdk.java.net/"/>
    <property name="user.timezone" value="Asia/Calcutta"/>
    <property name="java.vm.specification.version" value="11"/>
    <property name="os.name" value="Windows 10"/>
    <property name="sun.java.launcher" value="SUN_STANDARD"/>
    <property name="user.country" value="IN"/>
    <property name="sun.boot.library.path" value="C:\Program Files\Java\jdk-11.0.11\bin"/>
    <property name="sun.java.command" value="C:\Users\NAREND~1\AppData\Local\Temp\surefire11488074259406780908\surefirebooter9407405540284703172.jar C:\Users\narendrakumar02\AppData\Local\Temp\surefire11488074259406780908 2022-02-16T15-11-31_628-jvmRun1 surefire7083267682725746350tmp surefire_02427724545026617907tmp"/>
    <property name="jdk.debug" value="release"/>
    <property name="surefire.test.class.path" value="C:\Users\narendrakumar02\Downloads\Testing\bitbucket_windows_agent\target\test-classes;C:\Users\narendrakumar02\Downloads\Testing\bitbucket_windows_agent\target\classes;C:\Users\narendrakumar02\.m2\repository\junit\junit\4.11\junit-4.11.jar;C:\Users\narendrakumar02\.m2\repository\org\hamcrest\hamcrest-core\1.3\hamcrest-core-1.3.jar;C:\Users\narendrakumar02\.m2\repository\org\springframework\spring-context\4.1.6.RELEASE\spring-context-4.1.6.RELEASE.jar;C:\Users\narendrakumar02\.m2\repository\org\springframework\spring-aop\4.1.6.RELEASE\spring-aop-4.1.6.RELEASE.jar;C:\Users\narendrakumar02\.m2\repository\aopalliance\aopalliance\1.0\aopalliance-1.0.jar;C:\Users\narendrakumar02\.m2\repository\org\springframework\spring-beans\4.1.6.RELEASE\spring-beans-4.1.6.RELEASE.jar;C:\Users\narendrakumar02\.m2\repository\org\springframework\spring-core\4.1.6.RELEASE\spring-core-4.1.6.RELEASE.jar;C:\Users\narendrakumar02\.m2\repository\commons-logging\commons-logging\1.2\commons-logging-1.2.jar;C:\Users\narendrakumar02\.m2\repository\org\springframework\spring-expression\4.1.6.RELEASE\spring-expression-4.1.6.RELEASE.jar;C:\Users\narendrakumar02\.m2\repository\org\springframework\spring-webmvc\4.1.6.RELEASE\spring-webmvc-4.1.6.RELEASE.jar;C:\Users\narendrakumar02\.m2\repository\org\springframework\spring-web\4.1.6.RELEASE\spring-web-4.1.6.RELEASE.jar;C:\Users\narendrakumar02\.m2\repository\javax\servlet\jstl\1.2\jstl-1.2.jar;C:\Users\narendrakumar02\.m2\repository\org\springframework\spring-jdbc\4.0.3.RELEASE\spring-jdbc-4.0.3.RELEASE.jar;C:\Users\narendrakumar02\.m2\repository\org\springframework\spring-tx\4.0.3.RELEASE\spring-tx-4.0.3.RELEASE.jar;C:\Users\narendrakumar02\.m2\repository\javax\servlet\servlet-api\2.5\servlet-api-2.5.jar;C:\Users\narendrakumar02\.m2\repository\org\jacoco\jacoco-maven-plugin\0.8.6\jacoco-maven-plugin-0.8.6.jar;C:\Users\narendrakumar02\.m2\repository\org\apache\maven\maven-plugin-api\3.0\maven-plugin-api-3.0.jar;C:\Users\narendrakumar02\.m2\repository\org\apache\maven\maven-model\3.0\maven-model-3.0.jar;C:\Users\narendrakumar02\.m2\repository\org\apache\maven\maven-artifact\3.0\maven-artifact-3.0.jar;C:\Users\narendrakumar02\.m2\repository\org\sonatype\sisu\sisu-inject-plexus\1.4.2\sisu-inject-plexus-1.4.2.jar;C:\Users\narendrakumar02\.m2\repository\org\sonatype\sisu\sisu-inject-bean\1.4.2\sisu-inject-bean-1.4.2.jar;C:\Users\narendrakumar02\.m2\repository\org\sonatype\sisu\sisu-guice\2.1.7\sisu-guice-2.1.7-noaop.jar;C:\Users\narendrakumar02\.m2\repository\org\apache\maven\maven-core\3.0\maven-core-3.0.jar;C:\Users\narendrakumar02\.m2\repository\org\apache\maven\maven-settings\3.0\maven-settings-3.0.jar;C:\Users\narendrakumar02\.m2\repository\org\apache\maven\maven-settings-builder\3.0\maven-settings-builder-3.0.jar;C:\Users\narendrakumar02\.m2\repository\org\apache\maven\maven-repository-metadata\3.0\maven-repository-metadata-3.0.jar;C:\Users\narendrakumar02\.m2\repository\org\apache\maven\maven-model-builder\3.0\maven-model-builder-3.0.jar;C:\Users\narendrakumar02\.m2\repository\org\apache\maven\maven-aether-provider\3.0\maven-aether-provider-3.0.jar;C:\Users\narendrakumar02\.m2\repository\org\sonatype\aether\aether-impl\1.7\aether-impl-1.7.jar;C:\Users\narendrakumar02\.m2\repository\org\sonatype\aether\aether-spi\1.7\aether-spi-1.7.jar;C:\Users\narendrakumar02\.m2\repository\org\sonatype\aether\aether-api\1.7\aether-api-1.7.jar;C:\Users\narendrakumar02\.m2\repository\org\sonatype\aether\aether-util\1.7\aether-util-1.7.jar;C:\Users\narendrakumar02\.m2\repository\org\codehaus\plexus\plexus-interpolation\1.14\plexus-interpolation-1.14.jar;C:\Users\narendrakumar02\.m2\repository\org\codehaus\plexus\plexus-classworlds\2.2.3\plexus-classworlds-2.2.3.jar;C:\Users\narendrakumar02\.m2\repository\org\codehaus\plexus\plexus-component-annotations\1.5.5\plexus-component-annotations-1.5.5.jar;C:\Users\narendrakumar02\.m2\repository\org\sonatype\plexus\plexus-sec-dispatcher\1.3\plexus-sec-dispatcher-1.3.jar;C:\Users\narendrakumar02\.m2\repository\org\sonatype\plexus\plexus-cipher\1.4\plexus-cipher-1.4.jar;C:\Users\narendrakumar02\.m2\repository\org\codehaus\plexus\plexus-utils\3.0.22\plexus-utils-3.0.22.jar;C:\Users\narendrakumar02\.m2\repository\org\apache\maven\shared\file-management\1.2.1\file-management-1.2.1.jar;C:\Users\narendrakumar02\.m2\repository\org\apache\maven\shared\maven-shared-io\1.1\maven-shared-io-1.1.jar;C:\Users\narendrakumar02\.m2\repository\org\apache\maven\maven-artifact-manager\2.0.2\maven-artifact-manager-2.0.2.jar;C:\Users\narendrakumar02\.m2\repository\org\apache\maven\wagon\wagon-provider-api\1.0-alpha-6\wagon-provider-api-1.0-alpha-6.jar;C:\Users\narendrakumar02\.m2\repository\org\codehaus\plexus\plexus-container-default\1.0-alpha-9\plexus-container-default-1.0-alpha-9.jar;C:\Users\narendrakumar02\.m2\repository\classworlds\classworlds\1.1-alpha-2\classworlds-1.1-alpha-2.jar;C:\Users\narendrakumar02\.m2\repository\org\apache\maven\reporting\maven-reporting-api\3.0\maven-reporting-api-3.0.jar;C:\Users\narendrakumar02\.m2\repository\org\apache\maven\doxia\doxia-sink-api\1.0\doxia-sink-api-1.0.jar;C:\Users\narendrakumar02\.m2\repository\org\apache\maven\reporting\maven-reporting-impl\2.1\maven-reporting-impl-2.1.jar;C:\Users\narendrakumar02\.m2\repository\org\apache\maven\maven-project\2.0.10\maven-project-2.0.10.jar;C:\Users\narendrakumar02\.m2\repository\org\apache\maven\maven-profile\2.0.10\maven-profile-2.0.10.jar;C:\Users\narendrakumar02\.m2\repository\org\apache\maven\maven-plugin-registry\2.0.10\maven-plugin-registry-2.0.10.jar;C:\Users\narendrakumar02\.m2\repository\org\apache\maven\doxia\doxia-core\1.1.2\doxia-core-1.1.2.jar;C:\Users\narendrakumar02\.m2\repository\org\apache\maven\doxia\doxia-logging-api\1.1.2\doxia-logging-api-1.1.2.jar;C:\Users\narendrakumar02\.m2\repository\xerces\xercesImpl\2.8.1\xercesImpl-2.8.1.jar;C:\Users\narendrakumar02\.m2\repository\commons-lang\commons-lang\2.4\commons-lang-2.4.jar;C:\Users\narendrakumar02\.m2\repository\commons-httpclient\commons-httpclient\3.1\commons-httpclient-3.1.jar;C:\Users\narendrakumar02\.m2\repository\commons-codec\commons-codec\1.2\commons-codec-1.2.jar;C:\Users\narendrakumar02\.m2\repository\org\apache\maven\doxia\doxia-site-renderer\1.1.2\doxia-site-renderer-1.1.2.jar;C:\Users\narendrakumar02\.m2\repository\org\apache\maven\doxia\doxia-decoration-model\1.1.2\doxia-decoration-model-1.1.2.jar;C:\Users\narendrakumar02\.m2\repository\org\apache\maven\doxia\doxia-module-xhtml\1.1.2\doxia-module-xhtml-1.1.2.jar;C:\Users\narendrakumar02\.m2\repository\org\apache\maven\doxia\doxia-module-fml\1.1.2\doxia-module-fml-1.1.2.jar;C:\Users\narendrakumar02\.m2\repository\org\codehaus\plexus\plexus-i18n\1.0-beta-7\plexus-i18n-1.0-beta-7.jar;C:\Users\narendrakumar02\.m2\repository\org\codehaus\plexus\plexus-velocity\1.1.7\plexus-velocity-1.1.7.jar;C:\Users\narendrakumar02\.m2\repository\org\apache\velocity\velocity\1.5\velocity-1.5.jar;C:\Users\narendrakumar02\.m2\repository\commons-collections\commons-collections\3.2\commons-collections-3.2.jar;C:\Users\narendrakumar02\.m2\repository\commons-validator\commons-validator\1.2.0\commons-validator-1.2.0.jar;C:\Users\narendrakumar02\.m2\repository\commons-beanutils\commons-beanutils\1.7.0\commons-beanutils-1.7.0.jar;C:\Users\narendrakumar02\.m2\repository\commons-digester\commons-digester\1.6\commons-digester-1.6.jar;C:\Users\narendrakumar02\.m2\repository\oro\oro\2.0.8\oro-2.0.8.jar;C:\Users\narendrakumar02\.m2\repository\xml-apis\xml-apis\1.0.b2\xml-apis-1.0.b2.jar;C:\Users\narendrakumar02\.m2\repository\org\jacoco\org.jacoco.agent\0.8.6\org.jacoco.agent-0.8.6-runtime.jar;C:\Users\narendrakumar02\.m2\repository\org\jacoco\org.jacoco.core\0.8.6\org.jacoco.core-0.8.6.jar;C:\Users\narendrakumar02\.m2\repository\org\ow2\asm\asm\8.0.1\asm-8.0.1.jar;C:\Users\narendrakumar02\.m2\repository\org\ow2\asm\asm-commons\8.0.1\asm-commons-8.0.1.jar;C:\Users\narendrakumar02\.m2\repository\org\ow2\asm\asm-analysis\8.0.1\asm-analysis-8.0.1.jar;C:\Users\narendrakumar02\.m2\repository\org\ow2\asm\asm-tree\8.0.1\asm-tree-8.0.1.jar;C:\Users\narendrakumar02\.m2\repository\org\jacoco\org.jacoco.report\0.8.6\org.jacoco.report-0.8.6.jar;"/>
    <property name="sun.cpu.endian" value="little"/>
    <property name="user.home" value="C:\Users\narendrakumar02"/>
    <property name="user.language" value="en"/>
    <property name="java.specification.vendor" value="Oracle Corporation"/>
    <property name="java.version.date" value="2021-04-20"/>
    <property name="java.home" value="C:\Program Files\Java\jdk-11.0.11"/>
    <property name="file.separator" value="\"/>
    <property name="basedir" value="C:\Users\narendrakumar02\Downloads\Testing\bitbucket_windows_agent"/>
    <property name="java.vm.compressedOopsMode" value="Zero based"/>
    <property name="line.separator" value="&#10;"/>
    <property name="java.specification.name" value="Java Platform API Specification"/>
    <property name="java.vm.specification.vendor" value="Oracle Corporation"/>
    <property name="java.awt.graphicsenv" value="sun.awt.Win32GraphicsEnvironment"/>
    <property name="surefire.real.class.path" value="C:\Users\NAREND~1\AppData\Local\Temp\surefire11488074259406780908\surefirebooter9407405540284703172.jar"/>
    <property name="user.script" value=""/>
    <property name="sun.management.compiler" value="HotSpot 64-Bit Tiered Compilers"/>
    <property name="java.runtime.version" value="11.0.11+9-LTS-194"/>
    <property name="user.name" value="narendrakumar02"/>
    <property name="path.separator" value=";"/>
    <property name="os.version" value="10.0"/>
    <property name="java.runtime.name" value="Java(TM) SE Runtime Environment"/>
    <property name="file.encoding" value="Cp1252"/>
    <property name="java.vm.name" value="Java HotSpot(TM) 64-Bit Server VM"/>
    <property name="java.vendor.version" value="18.9"/>
    <property name="localRepository" value="C:\Users\narendrakumar02\.m2\repository"/>
    <property name="java.vendor.url.bug" value="https://bugreport.java.com/bugreport/"/>
    <property name="java.io.tmpdir" value="C:\Users\NAREND~1\AppData\Local\Temp\"/>
    <property name="java.version" value="11.0.11"/>
    <property name="user.dir" value="C:\Users\narendrakumar02\Downloads\Testing\bitbucket_windows_agent"/>
    <property name="os.arch" value="amd64"/>
    <property name="java.vm.specification.name" value="Java Virtual Machine Specification"/>
    <property name="java.awt.printerjob" value="sun.awt.windows.WPrinterJob"/>
    <property name="sun.os.patch.level" value=""/>
    <property name="java.library.path" value="C:\Program Files\Java\jdk-11.0.11\bin;C:\windows\Sun\Java\bin;C:\windows\system32;C:\windows;C:\Program Files (x86)\Microsoft SDKs\Azure\CLI2\wbin;C:\Ruby30-x64\bin;C:\Program Files\Common Files\Oracle\Java\javapath;C:\Program Files\Microsoft MPI\Bin\;C:\windows\System32\Wbem;C:\windows\System32\WindowsPowerShell\v1.0\;C:\windows\System32\OpenSSH\;C:\Program Files\TortoiseSVN\bin;C:\Program Files\nodejs\;C:\Program Files (x86)\Microsoft SQL Server\150\DTS\Binn\;C:\Program Files\Azure Data Studio\bin;C:\Program Files (x86)\Microsoft SQL Server\140\Tools\Binn\;C:\Program Files\Microsoft SQL Server\140\Tools\Binn\;C:\Program Files (x86)\Microsoft SQL Server\140\DTS\Binn\;C:\Program Files\Microsoft SQL Server\140\DTS\Binn\;C:\Program Files\Microsoft SQL Server\Client SDK\ODBC\130\Tools\Binn\;C:\Program Files\dotnet\;C:\Program Files\Microsoft SQL Server\130\Tools\Binn\;C:\Program Files\Microsoft SQL Server\Client SDK\ODBC\170\Tools\Binn\;C:\Program Files (x86)\dotnet\;C:\Program Files (x86)\Microsoft SQL Server\150\Tools\Binn\;C:\Program Files\Microsoft SQL Server\150\Tools\Binn\;C:\Program Files\Microsoft SQL Server\150\DTS\Binn\;C:\Program Files\Git\cmd;C:\Program Files\apache-maven-3.8.1\bin;C:\Program Files\artifactory-oss-7.21.12\app\bin;C:\windows\system32;C:\Program Files\Java\jdk-11.0.11\bin;C:\Users\narendrakumar02\Desktop\artifactory-oss-7.21.12\app\bin;C:\Terraform;C:\Program Files\PowerShell\7\;C:\Program Files\Docker\Docker\resources\bin;C:\ProgramData\DockerDesktop\version-bin;C:\Program Files\PuTTY\;C:\Program Files\TortoiseGit\bin;C:\Windows\System32\config\systemprofile\AppData\Local\Jenkins\.jenkins;C:\Users\narendrakumar02\Downloads\sonarqube-9.2.4.50792\sonarqube-9.2.4.50792\bin;C:\Program Files\Jenkins;C:\Program Files\Git\usr\bin;C:\Users\narendrakumar02\AppData\Local\Microsoft\WindowsApps;C:\Users\narendrakumar02\AppData\Roaming\npm;C:\Program Files\Azure Data Studio\bin;C:\Users\narendrakumar02\AppData\Local\Programs\Microsoft VS Code\bin;C:\Users\narendrakumar02\.dotnet\tools;C:\Program Files\Jenkins;;."/>
    <property name="java.vendor" value="Oracle Corporation"/>
    <property name="java.vm.info" value="mixed mode"/>
    <property name="java.vm.version" value="11.0.11+9-LTS-194"/>
    <property name="sun.io.unicode.encoding" value="UnicodeLittle"/>
    <property name="java.class.version" value="55.0"/>
  </properties>
  <testcase name="testAdd" classname="com.test.july21Batch.calculator.controller.AdditionControllerTest" time="0.008"/>
  <testcase name="testSum" classname="com.test.july21Batch.calculator.controller.AdditionControllerTest" time="0"/>
  <testcase name="testSubstract" classname="com.test.july21Batch.calculator.controller.AdditionControllerTest" time="0"/>
  <testcase name="testDivide" classname="com.test.july21Batch.calculator.controller.AdditionControllerTest" time="0.001"/>
  <testcase name="testMultiply" classname="com.test.july21Batch.calculator.controller.AdditionControllerTest" time="0"/>
</testsuite>